<?xml version="1.0" encoding="UTF-8"?>
<!-- Generated by org.testng.reporters.JUnitReportReporter -->
<testsuite hostname="LAPTOP-5200UCR4" failures="0" tests="12" name="runner.CarBookingRunner" time="188.698" errors="0" timestamp="2022-01-22T08:53:52 IST" skipped="0">
  <testcase classname="runner.CarBookingRunner" name="validateTitle" time="7.277"/>
  <testcase classname="runner.CarBookingRunner" name="LogIn" time="27.363"/>
  <testcase classname="runner.CarBookingRunner" name="Bookings" time="26.942"/>
  <testcase classname="runner.CarBookingRunner" name="Register" time="21.901"/>
  <testcase classname="runner.CarBookingRunner" name="Aboutus" time="8.907"/>
  <testcase classname="runner.CarBookingRunner" name="airporttaxi" time="18.529"/>
  <testcase classname="runner.CarBookingRunner" name="CheckCabTypes" time="10.307"/>
  <testcase classname="runner.CarBookingRunner" name="ContactUs" time="12.259"/>
  <testcase classname="runner.CarBookingRunner" name="localcars" time="14.824"/>
  <testcase classname="runner.CarBookingRunner" name="oneway" time="11.229"/>
  <testcase classname="runner.CarBookingRunner" name="RoundTrip" time="19.252"/>
  <testcase classname="runner.CarBookingRunner" name="TravelAgents" time="9.908"/>
</testsuite> <!-- runner.CarBookingRunner -->
