<?xml version="1.0" encoding="UTF-8"?>
<!-- Generated by org.testng.reporters.JUnitReportReporter -->
<testsuite hostname="LAPTOP-5200UCR4" failures="0" tests="12" name="runner.CarBookingRunner" time="206.277" errors="0" timestamp="2022-01-22T10:26:45 IST" skipped="0">
  <testcase classname="runner.CarBookingRunner" name="validateTitle" time="8.203"/>
  <testcase classname="runner.CarBookingRunner" name="LogIn" time="21.626"/>
  <testcase classname="runner.CarBookingRunner" name="Bookings" time="27.544"/>
  <testcase classname="runner.CarBookingRunner" name="Register" time="23.824"/>
  <testcase classname="runner.CarBookingRunner" name="Aboutus" time="10.605"/>
  <testcase classname="runner.CarBookingRunner" name="airporttaxi" time="19.801"/>
  <testcase classname="runner.CarBookingRunner" name="CheckCabTypes" time="18.128"/>
  <testcase classname="runner.CarBookingRunner" name="ContactUs" time="13.906"/>
  <testcase classname="runner.CarBookingRunner" name="localcars" time="16.101"/>
  <testcase classname="runner.CarBookingRunner" name="oneway" time="12.734"/>
  <testcase classname="runner.CarBookingRunner" name="RoundTrip" time="21.890"/>
  <testcase classname="runner.CarBookingRunner" name="TravelAgents" time="11.915"/>
</testsuite> <!-- runner.CarBookingRunner -->
